<?xml version="1.0" encoding="UTF-8"?>
<!-- Generated by org.testng.reporters.JUnitReportReporter -->
<testsuite hostname="Anush" failures="0" tests="1" name="com.test.api.tests.TestDeletePost" time="2.361" errors="0" timestamp="2024-01-29T11:51:47 IST" skipped="0">
  <testcase classname="com.test.api.tests.TestDeletePost" name="testDeletePosts" time="2.361"/>
  <system-out/>
</testsuite> <!-- com.test.api.tests.TestDeletePost -->
