<?xml version="1.0" encoding="UTF-8"?>
<!-- Generated by org.testng.reporters.JUnitReportReporter -->
<testsuite hostname="Anush" failures="0" tests="1" name="com.test.api.tests.TestPatchPost" time="3.678" errors="0" timestamp="2024-01-28T19:01:09 IST" skipped="0">
  <testcase classname="com.test.api.tests.TestPatchPost" name="testUpdatePosts" time="3.678"/>
  <system-out/>
</testsuite> <!-- com.test.api.tests.TestPatchPost -->
