<?xml version="1.0" encoding="UTF-8"?>
<!-- Generated by org.testng.reporters.JUnitReportReporter -->
<testsuite hostname="Anush" failures="0" tests="1" name="com.test.api.tests.TestPostPosts" time="4.557" errors="0" timestamp="2024-01-29T16:09:00 IST" skipped="0">
  <testcase classname="com.test.api.tests.TestPostPosts" name="testGetPosts" time="4.557"/>
  <system-out/>
</testsuite> <!-- com.test.api.tests.TestPostPosts -->
