<?xml version="1.0" encoding="UTF-8"?>
<!-- Generated by org.testng.reporters.JUnitReportReporter -->
<testsuite hostname="Anush" failures="0" tests="1" name="com.test.api.tests.TestGetPosts" time="4.166" errors="0" timestamp="2024-01-29T14:40:42 IST" skipped="0">
  <testcase classname="com.test.api.tests.TestGetPosts" name="testGetPosts" time="4.166"/>
  <system-out/>
</testsuite> <!-- com.test.api.tests.TestGetPosts -->
